<?xml version="1.0" encoding="UTF-8"?>
<!-- Generated by org.testng.reporters.JUnitReportReporter -->
<testsuite skipped="0" hostname="EPRURYAW0942" name="Tests.TestFigures.Figures" tests="15" failures="0" timestamp="2019-12-24T17:01:56 MSK" time="0.016" errors="0">
  <testcase name="checkCircl" time="0.007" classname="Tests.TestFigures.Figures"/>
  <testcase name="checkCircl" time="0.000" classname="Tests.TestFigures.Figures"/>
  <testcase name="checkCircl" time="0.001" classname="Tests.TestFigures.Figures"/>
  <testcase name="checkQuadrat" time="0.000" classname="Tests.TestFigures.Figures"/>
  <testcase name="checkQuadrat" time="0.000" classname="Tests.TestFigures.Figures"/>
  <testcase name="checkQuadrat" time="0.001" classname="Tests.TestFigures.Figures"/>
  <testcase name="checkRectangle" time="0.000" classname="Tests.TestFigures.Figures"/>
  <testcase name="checkRectangle" time="0.000" classname="Tests.TestFigures.Figures"/>
  <testcase name="checkRectangle" time="0.005" classname="Tests.TestFigures.Figures"/>
  <testcase name="checkRectangle" time="0.001" classname="Tests.TestFigures.Figures"/>
  <testcase name="checkRectangle" time="0.000" classname="Tests.TestFigures.Figures"/>
  <testcase name="checkRectangle" time="0.000" classname="Tests.TestFigures.Figures"/>
  <testcase name="checkRectangle" time="0.000" classname="Tests.TestFigures.Figures"/>
  <testcase name="checkRectangle" time="0.001" classname="Tests.TestFigures.Figures"/>
  <testcase name="checkRectangle" time="0.000" classname="Tests.TestFigures.Figures"/>
</testsuite> <!-- Tests.TestFigures.Figures -->
