<?xml version="1.0" encoding="UTF-8"?>
<!-- Generated by org.testng.reporters.JUnitReportReporter -->
<testsuite skipped="0" hostname="EPRURYAW0942" name="Tests.TestFigures.QuadratTest" tests="6" failures="0" timestamp="2019-12-26T18:02:42 MSK" time="0.002" errors="0">
  <testcase name="checkSquare" time="0.001" classname="Tests.TestFigures.QuadratTest"/>
  <testcase name="checkSquare" time="0.000" classname="Tests.TestFigures.QuadratTest"/>
  <testcase name="checkSquare" time="0.000" classname="Tests.TestFigures.QuadratTest"/>
  <testcase name="checkPerimetr" time="0.000" classname="Tests.TestFigures.QuadratTest"/>
  <testcase name="checkPerimetr" time="0.001" classname="Tests.TestFigures.QuadratTest"/>
  <testcase name="checkPerimetr" time="0.000" classname="Tests.TestFigures.QuadratTest"/>
</testsuite> <!-- Tests.TestFigures.QuadratTest -->
