<?xml version="1.0" encoding="UTF-8"?>
<!-- Generated by org.testng.reporters.JUnitReportReporter -->
<testsuite skipped="2" hostname="EPRURYAW0942" name="Tests.TestFigures.CircleTest" tests="2" failures="0" timestamp="2019-12-20T11:21:25 MSK" time="0.000" errors="0">
  <testcase name="checkCircumference" time="0.000" classname="Tests.TestFigures.CircleTest">
    <skipped/>
  </testcase> <!-- checkCircumference -->
  <testcase name="checkSquare" time="0.000" classname="Tests.TestFigures.CircleTest">
    <skipped/>
  </testcase> <!-- checkSquare -->
</testsuite> <!-- Tests.TestFigures.CircleTest -->
