<?xml version="1.0" encoding="UTF-8"?>
<!-- Generated by org.testng.reporters.JUnitReportReporter -->
<testsuite skipped="0" hostname="EPRURYAW0942" name="Tests.TestFigures.Exeption" tests="1" failures="0" timestamp="2019-12-25T12:35:53 MSK" time="0.006" errors="0">
  <testcase name="square" time="0.006" classname="Tests.TestFigures.Exeption"/>
</testsuite> <!-- Tests.TestFigures.Exeption -->
