<?xml version="1.0" encoding="UTF-8"?>
<!-- Generated by org.testng.reporters.JUnitReportReporter -->
<testsuite skipped="0" hostname="EPRURYAW0942" name="Tests.ProviderNew" tests="3" failures="0" timestamp="2019-12-04T19:46:41 MSK" time="0.001" errors="0">
  <testcase name="providerNew" time="0.000" classname="Tests.ProviderNew"/>
  <testcase name="providerNew" time="0.001" classname="Tests.ProviderNew"/>
  <testcase name="providerNew" time="0.000" classname="Tests.ProviderNew"/>
</testsuite> <!-- Tests.ProviderNew -->
