<?xml version="1.0" encoding="UTF-8"?>
<!-- Generated by org.testng.reporters.JUnitReportReporter -->
<testsuite skipped="3" hostname="EPRURYAW0942" name="Tests.TestFigures.Figures" tests="3" failures="0" timestamp="2019-12-20T11:21:25 MSK" time="0.000" errors="0">
  <testcase name="checkCircl" time="0.000" classname="Tests.TestFigures.Figures">
    <skipped/>
  </testcase> <!-- checkCircl -->
  <testcase name="checkQuadrat" time="0.000" classname="Tests.TestFigures.Figures">
    <skipped/>
  </testcase> <!-- checkQuadrat -->
  <testcase name="checkRectangle" time="0.000" classname="Tests.TestFigures.Figures">
    <skipped/>
  </testcase> <!-- checkRectangle -->
</testsuite> <!-- Tests.TestFigures.Figures -->
